[
  {
    "EventID": 3,
    "Channel": "Microsoft-Windows-Sysmon/Operational",
    "Computer": "DESKTOP-LAB01",
    "UtcTime": "2026-03-16 10:00:00.000",
    "ProcessGuid": "{11111111-0006-0000-0000-000000000001}",
    "ProcessId": 9000,
    "Image": "C:\\Tools\\nmap.exe",
    "User": "LAB\\attacker",
    "Protocol": "tcp",
    "Initiated": true,
    "SourceIsIpv6": false,
    "SourceIp": "192.168.1.100",
    "SourceHostname": "DESKTOP-LAB01",
    "SourcePort": 50001,
    "SourcePortName": "",
    "DestinationIsIpv6": false,
    "DestinationIp": "192.168.1.1",
    "DestinationHostname": "router.local",
    "DestinationPort": 22,
    "DestinationPortName": "ssh"
  },
  {
    "EventID": 3,
    "Channel": "Microsoft-Windows-Sysmon/Operational",
    "Computer": "DESKTOP-LAB01",
    "UtcTime": "2026-03-16 10:00:01.000",
    "ProcessGuid": "{11111111-0006-0000-0000-000000000001}",
    "ProcessId": 9000,
    "Image": "C:\\Tools\\nmap.exe",
    "User": "LAB\\attacker",
    "Protocol": "tcp",
    "Initiated": true,
    "SourceIsIpv6": false,
    "SourceIp": "192.168.1.100",
    "SourceHostname": "DESKTOP-LAB01",
    "SourcePort": 50002,
    "SourcePortName": "",
    "DestinationIsIpv6": false,
    "DestinationIp": "192.168.1.1",
    "DestinationHostname": "router.local",
    "DestinationPort": 80,
    "DestinationPortName": "http"
  },
  {
    "EventID": 3,
    "Channel": "Microsoft-Windows-Sysmon/Operational",
    "Computer": "DESKTOP-LAB01",
    "UtcTime": "2026-03-16 10:00:02.000",
    "ProcessGuid": "{11111111-0006-0000-0000-000000000001}",
    "ProcessId": 9000,
    "Image": "C:\\Tools\\nmap.exe",
    "User": "LAB\\attacker",
    "Protocol": "tcp",
    "Initiated": true,
    "SourceIsIpv6": false,
    "SourceIp": "192.168.1.100",
    "SourceHostname": "DESKTOP-LAB01",
    "SourcePort": 50003,
    "SourcePortName": "",
    "DestinationIsIpv6": false,
    "DestinationIp": "192.168.1.1",
    "DestinationHostname": "router.local",
    "DestinationPort": 443,
    "DestinationPortName": "https"
  }
]
